0 verbose cli C:\Program Files\nodejs\node.exe C:\Program Files\nodejs\node_modules\npm\bin\npm-cli.js
1 info using npm@11.9.0
2 info using node@v24.14.0
3 silly config load:file:C:\Program Files\nodejs\node_modules\npm\npmrc
4 silly config load:file:C:\Users\zakar\OneDrive\WEEKLY PAY\.npmrc
5 silly config load:file:C:\Users\zakar\.npmrc
6 silly config load:file:C:\Users\zakar\AppData\Roaming\npm\etc\npmrc
7 verbose title npm exec skills add launchdarkly/agent-skills --skill onboarding -y
8 verbose argv "exec" "--" "skills" "add" "launchdarkly/agent-skills" "--skill" "onboarding" "-y"
9 verbose logfile logs-max:10 dir:C:\Users\zakar\OneDrive\WEEKLY PAY\.npm-cache\_logs\2026-05-16T23_30_02_470Z-
10 verbose logfile C:\Users\zakar\OneDrive\WEEKLY PAY\.npm-cache\_logs\2026-05-16T23_30_02_470Z-debug-0.log
11 silly logfile done cleaning log files
12 silly packumentCache heap:4496293888 maxSize:1124073472 maxEntrySize:562036736
13 verbose shrinkwrap failed to load node_modules/.package-lock.json out of date, updated: node_modules
14 http fetch GET 200 https://registry.npmjs.org/npm 228ms
15 http fetch GET 200 https://registry.npmjs.org/skills 235ms (cache miss)
16 silly packumentCache heap:4496293888 maxSize:1124073472 maxEntrySize:562036736
17 silly packumentCache heap:4496293888 maxSize:1124073472 maxEntrySize:562036736
18 warn exec The following package was not found and will be installed: skills@1.5.7
19 silly idealTree buildDeps
20 silly fetch manifest skills@1.5.7
21 silly packumentCache full:https://registry.npmjs.org/skills cache-miss
22 http fetch GET 200 https://registry.npmjs.org/skills 227ms (cache miss)
23 silly packumentCache full:https://registry.npmjs.org/skills set size:undefined disposed:false
24 silly placeDep ROOT skills@1.5.7 OK for:  want: 1.5.7
25 silly fetch manifest yaml@^2.8.3
26 silly packumentCache full:https://registry.npmjs.org/yaml cache-miss
27 http fetch GET 200 https://registry.npmjs.org/yaml 77ms (cache miss)
28 silly packumentCache full:https://registry.npmjs.org/yaml set size:undefined disposed:false
29 silly placeDep ROOT yaml@2.9.0 OK for: skills@1.5.7 want: ^2.8.3
30 silly reify moves {}
31 silly audit bulk request { skills: [ '1.5.7' ], yaml: [ '2.9.0' ] }
32 http cache yaml@https://registry.npmjs.org/yaml/-/yaml-2.9.0.tgz 1ms (cache hit)
33 http cache skills@https://registry.npmjs.org/skills/-/skills-1.5.7.tgz 0ms (cache hit)
34 silly tarball no local data for yaml@https://registry.npmjs.org/yaml/-/yaml-2.9.0.tgz. Extracting by manifest.
35 silly tarball no local data for skills@https://registry.npmjs.org/skills/-/skills-1.5.7.tgz. Extracting by manifest.
36 http fetch POST 200 https://registry.npmjs.org/-/npm/v1/security/advisories/bulk 191ms
37 silly audit report {}
38 http fetch GET 200 https://registry.npmjs.org/skills/-/skills-1.5.7.tgz 645ms (cache miss)
39 http fetch GET 200 https://registry.npmjs.org/yaml/-/yaml-2.9.0.tgz 2844ms (cache miss)
40 verbose cwd C:\Users\zakar\OneDrive\WEEKLY PAY
41 verbose os Windows_NT 10.0.26200
42 verbose node v24.14.0
43 verbose npm  v11.9.0
44 notice
44 notice New minor version of npm available! 11.9.0 -> 11.14.1
44 notice Changelog: https://github.com/npm/cli/releases/tag/v11.14.1
44 notice To update run: npm install -g npm@11.14.1
44 notice  { force: true, Symbol(proc-log.meta): true }
45 verbose exit 1
46 verbose code 1
