0 verbose cli C:\Program Files\nodejs\node.exe C:\Program Files\nodejs\node_modules\npm\bin\npm-cli.js
1 info using npm@11.9.0
2 info using node@v24.14.0
3 silly config load:file:C:\Program Files\nodejs\node_modules\npm\npmrc
4 silly config load:file:C:\Users\zakar\OneDrive\WEEKLY PAY\.npmrc
5 silly config load:file:C:\Users\zakar\.npmrc
6 silly config load:file:C:\Users\zakar\AppData\Roaming\npm\etc\npmrc
7 verbose title npm exec degit launchdarkly/agent-skills#main .ld-agent-skills
8 verbose argv "exec" "--" "degit" "launchdarkly/agent-skills#main" ".ld-agent-skills"
9 verbose logfile logs-max:10 dir:C:\Users\zakar\OneDrive\WEEKLY PAY\.npm-cache\_logs\2026-05-16T23_31_54_408Z-
10 verbose logfile C:\Users\zakar\OneDrive\WEEKLY PAY\.npm-cache\_logs\2026-05-16T23_31_54_408Z-debug-0.log
11 silly logfile done cleaning log files
12 silly packumentCache heap:4496293888 maxSize:1124073472 maxEntrySize:562036736
13 verbose shrinkwrap failed to load node_modules/.package-lock.json out of date, updated: node_modules
14 http fetch GET 200 https://registry.npmjs.org/degit 303ms (cache miss)
15 silly packumentCache heap:4496293888 maxSize:1124073472 maxEntrySize:562036736
16 silly packumentCache heap:4496293888 maxSize:1124073472 maxEntrySize:562036736
17 warn exec The following package was not found and will be installed: degit@2.8.4
18 silly idealTree buildDeps
19 silly fetch manifest degit@2.8.4
20 silly packumentCache full:https://registry.npmjs.org/degit cache-miss
21 http fetch GET 200 https://registry.npmjs.org/degit 210ms (cache miss)
22 silly packumentCache full:https://registry.npmjs.org/degit set size:undefined disposed:false
23 silly placeDep ROOT degit@2.8.4 OK for:  want: 2.8.4
24 silly reify moves {}
25 silly audit bulk request { degit: [ '2.8.4' ] }
26 http cache degit@https://registry.npmjs.org/degit/-/degit-2.8.4.tgz 0ms (cache hit)
27 silly tarball no local data for degit@https://registry.npmjs.org/degit/-/degit-2.8.4.tgz. Extracting by manifest.
28 http fetch POST 200 https://registry.npmjs.org/-/npm/v1/security/advisories/bulk 233ms
29 silly audit report {}
30 http fetch GET 200 https://registry.npmjs.org/degit/-/degit-2.8.4.tgz 312ms (cache miss)
31 verbose cwd C:\Users\zakar\OneDrive\WEEKLY PAY
32 verbose os Windows_NT 10.0.26200
33 verbose node v24.14.0
34 verbose npm  v11.9.0
35 verbose exit 1
36 verbose code 1
